{"level":"info","message":{"event":"login_success","username":"admin"},"timestamp":"2025-05-11T07:01:16.402Z"}
{"level":"info","message":{"accessed_date":"2025-05-12","event":"view_bookings","ip":"::1","role":"master","timestamp":"2025-05-11T07:01:19.075Z","username":"admin"},"timestamp":"2025-05-11T07:01:19.075Z"}
{"level":"info","message":{"accessed_date":"2025-05-12","event":"view_bookings","ip":"::1","role":"master","timestamp":"2025-05-11T07:01:19.081Z","username":"admin"},"timestamp":"2025-05-11T07:01:19.081Z"}
{"level":"info","message":{"accessed_date":"2025-05-05","event":"view_bookings","ip":"::1","role":"master","timestamp":"2025-05-11T07:01:23.978Z","username":"admin"},"timestamp":"2025-05-11T07:01:23.978Z"}
{"level":"info","message":{"accessed_date":"2025-05-07","event":"view_bookings","ip":"::1","role":"master","timestamp":"2025-05-11T07:01:27.559Z","username":"admin"},"timestamp":"2025-05-11T07:01:27.559Z"}
{"level":"info","message":{"accessed_date":"2025-05-12","event":"view_bookings","ip":"::1","role":"master","timestamp":"2025-05-11T07:06:26.107Z","username":"admin"},"timestamp":"2025-05-11T07:06:26.107Z"}
{"level":"info","message":{"accessed_date":"2025-05-12","event":"view_bookings","ip":"::1","role":"master","timestamp":"2025-05-11T07:06:26.112Z","username":"admin"},"timestamp":"2025-05-11T07:06:26.112Z"}
{"level":"info","message":{"accessed_date":"2025-05-12","event":"view_bookings","ip":"::1","role":"master","timestamp":"2025-05-11T07:15:56.360Z","username":"admin"},"timestamp":"2025-05-11T07:15:56.360Z"}
{"level":"info","message":{"accessed_date":"2025-05-12","event":"view_bookings","ip":"::1","role":"master","timestamp":"2025-05-11T07:15:56.364Z","username":"admin"},"timestamp":"2025-05-11T07:15:56.364Z"}
{"level":"info","message":{"event":"login_success","username":"admin"},"timestamp":"2025-05-11T08:44:38.900Z"}
{"level":"info","message":{"event":"login_success","username":"admin"},"timestamp":"2025-05-11T08:50:16.219Z"}
{"level":"info","message":{"accessed_date":"2025-05-12","event":"view_bookings","ip":"::1","role":"master","timestamp":"2025-05-11T08:50:18.980Z","username":"admin"},"timestamp":"2025-05-11T08:50:18.980Z"}
{"level":"info","message":{"accessed_date":"2025-05-12","event":"view_bookings","ip":"::1","role":"master","timestamp":"2025-05-11T08:50:18.988Z","username":"admin"},"timestamp":"2025-05-11T08:50:18.988Z"}
{"level":"info","message":{"event":"login_success","username":"admin"},"timestamp":"2025-05-11T09:01:27.686Z"}
{"level":"info","message":{"event":"login_success","username":"admin"},"timestamp":"2025-05-11T09:02:53.330Z"}
{"level":"info","message":{"event":"login_success","username":"admin"},"timestamp":"2025-05-11T09:04:52.482Z"}
{"level":"info","message":{"event":"login_success","username":"admin"},"timestamp":"2025-05-11T09:16:56.139Z"}
{"level":"info","message":{"accessed_date":"2025-05-12","event":"view_bookings","ip":"::1","role":"master","timestamp":"2025-05-11T09:17:03.893Z","username":"admin"},"timestamp":"2025-05-11T09:17:03.893Z"}
{"level":"info","message":{"accessed_date":"2025-05-12","event":"view_bookings","ip":"::1","role":"master","timestamp":"2025-05-11T09:17:03.899Z","username":"admin"},"timestamp":"2025-05-11T09:17:03.899Z"}
{"level":"info","message":{"accessed_date":"2025-05-12","event":"view_bookings","ip":"::1","role":"master","timestamp":"2025-05-11T09:18:03.085Z","username":"admin"},"timestamp":"2025-05-11T09:18:03.085Z"}
{"level":"info","message":{"accessed_date":"2025-05-12","event":"view_bookings","ip":"::1","role":"master","timestamp":"2025-05-11T09:18:03.089Z","username":"admin"},"timestamp":"2025-05-11T09:18:03.089Z"}
{"level":"info","message":{"body":{"password":"admin","username":"admin"},"cookies":{"token":"eyJhbGciOiJIUzI1NiIsInR5cCI6IkpXVCJ9.eyJpZCI6IjY4MjA1ZmEyNzJlNmUxMDEwMmI4NGY3YiIsInJvbGUiOiJtYXN0ZXIiLCJ1c2VybmFtZSI6ImFkbWluIiwiaWF0IjoxNzQ2OTU1MDE2LCJleHAiOjE3NDY5ODM4MTZ9.ey_0bbDSnVe_O1rpYsnpAItiD5F9PGgxrF6aq1AHk-s"},"event":"login_attempt","origin":"http://localhost:3000"},"timestamp":"2025-05-11T09:52:41.377Z"}
{"level":"info","message":{"event":"login_db_query","username":"admin"},"timestamp":"2025-05-11T09:52:41.379Z"}
{"level":"info","message":{"event":"login_user_found","username":"admin"},"timestamp":"2025-05-11T09:52:41.382Z"}
{"level":"info","message":{"event":"login_password_check","isMatch":true,"username":"admin"},"timestamp":"2025-05-11T09:52:41.383Z"}
{"level":"info","message":{"event":"login_jwt_sign","username":"admin"},"timestamp":"2025-05-11T09:52:41.383Z"}
{"level":"info","message":{"event":"login_set_cookie","username":"admin"},"timestamp":"2025-05-11T09:52:41.384Z"}
{"level":"info","message":{"event":"login_success","username":"admin"},"timestamp":"2025-05-11T09:52:41.385Z"}
{"level":"info","message":{"accessed_date":"2025-05-12","event":"view_bookings","ip":"::1","role":"master","timestamp":"2025-05-11T10:16:36.084Z","username":"admin"},"timestamp":"2025-05-11T10:16:36.085Z"}
{"level":"info","message":{"accessed_date":"2025-05-12","event":"view_bookings","ip":"::1","role":"master","timestamp":"2025-05-11T10:17:39.192Z","username":"admin"},"timestamp":"2025-05-11T10:17:39.192Z"}
{"level":"info","message":{"accessed_date":"2025-05-12","event":"view_bookings","ip":"::1","role":"master","timestamp":"2025-05-11T10:17:39.201Z","username":"admin"},"timestamp":"2025-05-11T10:17:39.201Z"}
{"level":"info","message":{"accessed_date":"2025-05-12","event":"view_bookings","ip":"::1","role":"master","timestamp":"2025-05-11T10:20:21.296Z","username":"admin"},"timestamp":"2025-05-11T10:20:21.297Z"}
{"level":"info","message":{"accessed_date":"2025-05-12","event":"view_bookings","ip":"::1","role":"master","timestamp":"2025-05-11T10:20:21.305Z","username":"admin"},"timestamp":"2025-05-11T10:20:21.305Z"}
{"level":"info","message":{"accessed_date":"2025-05-12","event":"view_bookings","ip":"::1","role":"master","timestamp":"2025-05-11T10:20:44.779Z","username":"admin"},"timestamp":"2025-05-11T10:20:44.779Z"}
{"level":"info","message":{"accessed_date":"2025-05-12","event":"view_bookings","ip":"::1","role":"master","timestamp":"2025-05-11T10:20:44.784Z","username":"admin"},"timestamp":"2025-05-11T10:20:44.784Z"}
{"level":"info","message":{"accessed_date":"2025-05-12","event":"view_bookings","ip":"::1","role":"master","timestamp":"2025-05-11T10:21:31.527Z","username":"admin"},"timestamp":"2025-05-11T10:21:31.527Z"}
{"level":"info","message":{"accessed_date":"2025-05-12","event":"view_bookings","ip":"::1","role":"master","timestamp":"2025-05-11T10:21:44.344Z","username":"admin"},"timestamp":"2025-05-11T10:21:44.344Z"}
{"level":"info","message":{"accessed_date":"2025-05-12","event":"view_bookings","ip":"::1","role":"master","timestamp":"2025-05-11T10:21:44.348Z","username":"admin"},"timestamp":"2025-05-11T10:21:44.348Z"}
{"level":"info","message":{"accessed_date":"2025-05-12","event":"view_bookings","ip":"::1","role":"master","timestamp":"2025-05-11T10:21:47.276Z","username":"admin"},"timestamp":"2025-05-11T10:21:47.276Z"}
{"level":"info","message":{"accessed_date":"2025-05-12","event":"view_bookings","ip":"::1","role":"master","timestamp":"2025-05-11T10:21:47.277Z","username":"admin"},"timestamp":"2025-05-11T10:21:47.277Z"}
{"level":"info","message":{"accessed_date":"2025-05-12","event":"view_bookings","ip":"::1","role":"master","timestamp":"2025-05-11T10:22:11.979Z","username":"admin"},"timestamp":"2025-05-11T10:22:11.979Z"}
{"level":"info","message":{"accessed_date":"2025-05-12","event":"view_bookings","ip":"::1","role":"master","timestamp":"2025-05-11T10:22:11.984Z","username":"admin"},"timestamp":"2025-05-11T10:22:11.984Z"}
{"level":"info","message":{"accessed_date":"2025-05-12","event":"view_bookings","ip":"::1","role":"master","timestamp":"2025-05-11T10:27:37.024Z","username":"admin"},"timestamp":"2025-05-11T10:27:37.025Z"}
{"level":"info","message":{"accessed_date":"2025-05-12","event":"view_bookings","ip":"::1","role":"master","timestamp":"2025-05-11T10:27:37.032Z","username":"admin"},"timestamp":"2025-05-11T10:27:37.032Z"}
